2016-07-15 8:51:38 - INFO  --> ["00000",null,null] 
2016-07-15 8:51:38 - INFO  --> ["00000",null,null] 
2016-07-15 8:55:15 - INFO  --> ["00000",null,null] 
2016-07-15 8:55:18 - INFO  --> ["00000",null,null] 
2016-07-15 8:55:34 - INFO  --> ["00000",null,null] 
2016-07-15 8:58:00 - INFO  --> ["00000",null,null] 
2016-07-15 8:58:00 - INFO  --> ["00000",null,null] 
2016-07-15 8:58:04 - INFO  --> ["00000",null,null] 
2016-07-15 8:58:05 - INFO  --> ["00000",null,null] 
2016-07-15 8:58:30 - INFO  --> ["00000",null,null] 
2016-07-15 8:58:35 - INFO  --> ["00000",null,null] 
2016-07-15 8:58:39 - INFO  --> ["00000",null,null] 
2016-07-15 8:58:50 - INFO  --> ["00000",null,null] 
2016-07-15 8:58:53 - INFO  --> ["00000",null,null] 
2016-07-15 8:58:55 - INFO  --> ["00000",null,null] 
2016-07-15 8:59:03 - INFO  --> ["00000",null,null] 
2016-07-15 8:59:05 - INFO  --> ["00000",null,null] 
2016-07-15 8:59:10 - INFO  --> ["00000",null,null] 
2016-07-15 9:02:26 - INFO  --> ["00000",null,null] 
2016-07-15 9:02:28 - INFO  --> ["00000",null,null] 
2016-07-15 9:02:29 - INFO  --> ["00000",null,null] 
2016-07-15 9:02:32 - INFO  --> ["00000",null,null] 
2016-07-15 9:02:33 - INFO  --> ["00000",null,null] 
2016-07-15 9:02:37 - INFO  --> ["00000",null,null] 
2016-07-15 9:02:42 - INFO  --> ["00000",null,null] 
2016-07-15 9:02:46 - INFO  --> ["00000",null,null] 
2016-07-15 9:02:47 - INFO  --> ["00000",null,null] 
2016-07-15 9:02:51 - INFO  --> ["00000",null,null] 
2016-07-15 9:02:52 - INFO  --> ["00000",null,null] 
2016-07-15 9:03:15 - INFO  --> ["00000",null,null] 
2016-07-15 9:03:16 - INFO  --> ["00000",null,null] 
2016-07-15 9:03:19 - INFO  --> ["00000",null,null] 
2016-07-15 9:03:21 - INFO  --> ["00000",null,null] 
2016-07-15 9:03:29 - INFO  --> ["00000",null,null] 
2016-07-15 9:03:34 - INFO  --> ["00000",null,null] 
2016-07-15 9:03:39 - INFO  --> ["00000",null,null] 
2016-07-15 9:03:39 - INFO  --> ["00000",null,null] 
2016-07-15 9:03:42 - INFO  --> ["00000",null,null] 
2016-07-15 9:03:43 - INFO  --> ["00000",null,null] 
2016-07-15 9:05:39 - INFO  --> ["00000",null,null] 
2016-07-15 9:05:45 - INFO  --> ["00000",null,null] 
2016-07-15 9:05:57 - INFO  --> ["00000",null,null] 
2016-07-15 9:06:01 - INFO  --> ["00000",null,null] 
2016-07-15 9:06:05 - INFO  --> ["00000",null,null] 
2016-07-15 9:06:06 - INFO  --> ["00000",null,null] 
2016-07-15 9:06:08 - INFO  --> ["00000",null,null] 
2016-07-15 9:06:09 - INFO  --> ["00000",null,null] 
2016-07-15 9:06:11 - INFO  --> ["00000",null,null] 
2016-07-15 9:06:11 - INFO  --> ["00000",null,null] 
2016-07-15 9:06:13 - INFO  --> ["00000",null,null] 
2016-07-15 9:06:20 - INFO  --> ["00000",null,null] 
2016-07-15 9:06:26 - INFO  --> ["00000",null,null] 
2016-07-15 9:06:27 - INFO  --> ["00000",null,null] 
2016-07-15 9:06:31 - INFO  --> ["00000",null,null] 
2016-07-15 9:06:33 - INFO  --> ["00000",null,null] 
2016-07-15 9:06:34 - INFO  --> ["00000",null,null] 
2016-07-15 9:06:35 - INFO  --> ["00000",null,null] 
2016-07-15 9:06:47 - INFO  --> ["00000",null,null] 
2016-07-15 9:06:48 - INFO  --> ["00000",null,null] 
2016-07-15 9:06:49 - INFO  --> ["00000",null,null] 
2016-07-15 9:06:55 - INFO  --> ["00000",null,null] 
2016-07-15 9:06:58 - INFO  --> ["00000",null,null] 
2016-07-15 9:07:02 - INFO  --> ["00000",null,null] 
2016-07-15 9:07:04 - INFO  --> ["00000",null,null] 
2016-07-15 9:07:04 - INFO  --> ["00000",null,null] 
2016-07-15 9:07:11 - INFO  --> ["00000",null,null] 
2016-07-15 9:07:11 - INFO  --> ["00000",null,null] 
2016-07-15 9:07:12 - INFO  --> ["00000",null,null] 
2016-07-15 9:07:15 - INFO  --> ["00000",null,null] 
2016-07-15 9:07:16 - INFO  --> ["00000",null,null] 
2016-07-15 9:07:17 - INFO  --> ["00000",null,null] 
2016-07-15 9:07:28 - INFO  --> ["00000",null,null] 
2016-07-15 9:07:30 - INFO  --> ["00000",null,null] 
2016-07-15 9:07:30 - INFO  --> ["00000",null,null] 
2016-07-15 9:07:36 - INFO  --> ["00000",null,null] 
2016-07-15 9:07:38 - INFO  --> ["00000",null,null] 
2016-07-15 9:07:38 - INFO  --> ["00000",null,null] 
2016-07-15 9:07:45 - INFO  --> ["00000",null,null] 
2016-07-15 9:07:46 - INFO  --> ["00000",null,null] 
2016-07-15 9:07:56 - INFO  --> ["00000",null,null] 
2016-07-15 9:07:56 - INFO  --> ["00000",null,null] 
2016-07-15 9:13:23 - INFO  --> ["00000",null,null] 
2016-07-15 9:13:24 - INFO  --> ["00000",null,null] 
2016-07-15 9:13:24 - INFO  --> ["00000",null,null] 
2016-07-15 9:13:25 - INFO  --> ["00000",null,null] 
2016-07-15 9:13:33 - INFO  --> ["00000",null,null] 
2016-07-15 9:13:34 - INFO  --> ["00000",null,null] 
2016-07-15 9:13:34 - INFO  --> ["00000",null,null] 
2016-07-15 9:13:40 - INFO  --> ["00000",null,null] 
2016-07-15 9:13:42 - INFO  --> ["00000",null,null] 
2016-07-15 9:13:48 - INFO  --> ["00000",null,null] 
2016-07-15 9:13:48 - INFO  --> ["00000",null,null] 
2016-07-15 9:13:53 - INFO  --> ["00000",null,null] 
2016-07-15 9:13:54 - INFO  --> ["00000",null,null] 
2016-07-15 9:14:02 - INFO  --> ["00000",null,null] 
2016-07-15 9:14:03 - INFO  --> ["00000",null,null] 
2016-07-15 9:14:04 - INFO  --> ["00000",null,null] 
2016-07-15 9:14:10 - INFO  --> ["00000",null,null] 
2016-07-15 9:14:11 - INFO  --> ["00000",null,null] 
2016-07-15 9:14:12 - INFO  --> ["00000",null,null] 
2016-07-15 9:14:12 - INFO  --> ["00000",null,null] 
2016-07-15 9:14:18 - INFO  --> ["00000",null,null] 
2016-07-15 9:14:18 - INFO  --> ["00000",null,null] 
2016-07-15 9:14:33 - INFO  --> ["00000",null,null] 
2016-07-15 9:14:34 - INFO  --> ["00000",null,null] 
2016-07-15 9:14:38 - INFO  --> ["00000",null,null] 
2016-07-15 9:14:39 - INFO  --> ["00000",null,null] 
2016-07-15 9:14:41 - INFO  --> ["00000",null,null] 
2016-07-15 9:14:41 - INFO  --> ["00000",null,null] 
2016-07-15 9:14:43 - INFO  --> ["00000",null,null] 
2016-07-15 9:14:43 - INFO  --> ["00000",null,null] 
2016-07-15 9:14:46 - INFO  --> ["00000",null,null] 
2016-07-15 9:14:50 - INFO  --> ["00000",null,null] 
2016-07-15 9:14:50 - INFO  --> ["00000",null,null] 
2016-07-15 9:14:56 - INFO  --> ["00000",null,null] 
2016-07-15 9:14:57 - INFO  --> ["00000",null,null] 
2016-07-15 9:15:22 - INFO  --> ["00000",null,null] 
2016-07-15 9:15:23 - INFO  --> ["00000",null,null] 
2016-07-15 9:15:23 - INFO  --> ["00000",null,null] 
2016-07-15 9:15:24 - INFO  --> ["00000",null,null] 
2016-07-15 9:15:24 - INFO  --> ["00000",null,null] 
2016-07-15 9:15:28 - INFO  --> ["00000",null,null] 
2016-07-15 9:15:29 - INFO  --> ["00000",null,null] 
2016-07-15 9:15:33 - INFO  --> ["00000",null,null] 
2016-07-15 9:15:34 - INFO  --> ["00000",null,null] 
2016-07-15 9:15:38 - INFO  --> ["00000",null,null] 
2016-07-15 9:15:48 - INFO  --> ["00000",null,null] 
2016-07-15 9:15:48 - INFO  --> ["00000",null,null] 
2016-07-15 9:15:53 - INFO  --> ["00000",null,null] 
2016-07-15 9:15:54 - INFO  --> ["00000",null,null] 
2016-07-15 9:15:54 - INFO  --> ["00000",null,null] 
2016-07-15 9:16:08 - INFO  --> ["00000",null,null] 
2016-07-15 9:16:20 - INFO  --> ["00000",null,null] 
2016-07-15 9:16:38 - INFO  --> ["00000",null,null] 
2016-07-15 9:16:39 - INFO  --> ["00000",null,null] 
2016-07-15 9:16:39 - INFO  --> ["00000",null,null] 
2016-07-15 9:30:51 - INFO  --> ["00000",null,null] 
2016-07-15 9:30:51 - INFO  --> ["00000",null,null] 
2016-07-15 9:30:55 - INFO  --> ["00000",null,null] 
2016-07-15 9:30:57 - INFO  --> ["00000",null,null] 
2016-07-15 9:31:05 - INFO  --> ["00000",null,null] 
2016-07-15 9:32:24 - INFO  --> ["00000",null,null] 
2016-07-15 9:32:28 - INFO  --> ["00000",null,null] 
2016-07-15 9:32:29 - INFO  --> ["00000",null,null] 
2016-07-15 9:32:33 - INFO  --> ["00000",null,null] 
2016-07-15 9:32:34 - INFO  --> ["00000",null,null] 
2016-07-15 9:32:34 - INFO  --> ["00000",null,null] 
2016-07-15 9:32:37 - INFO  --> ["00000",null,null] 
2016-07-15 9:32:39 - INFO  --> ["00000",null,null] 
2016-07-15 9:32:39 - INFO  --> ["00000",null,null] 
2016-07-15 9:32:47 - INFO  --> ["00000",null,null] 
2016-07-15 9:32:49 - INFO  --> ["00000",null,null] 
2016-07-15 9:32:49 - INFO  --> ["00000",null,null] 
2016-07-15 9:32:49 - INFO  --> ["00000",null,null] 
2016-07-15 9:32:51 - INFO  --> ["00000",null,null] 
2016-07-15 9:32:56 - INFO  --> ["00000",null,null] 
2016-07-15 9:32:57 - INFO  --> ["00000",null,null] 
2016-07-15 9:32:58 - INFO  --> ["00000",null,null] 
2016-07-15 9:33:01 - INFO  --> ["00000",null,null] 
2016-07-15 9:33:02 - INFO  --> ["00000",null,null] 
2016-07-15 9:33:09 - INFO  --> ["00000",null,null] 
2016-07-15 9:33:38 - INFO  --> ["00000",null,null] 
2016-07-15 9:33:39 - INFO  --> ["00000",null,null] 
2016-07-15 9:33:47 - INFO  --> ["00000",null,null] 
2016-07-15 9:33:49 - INFO  --> ["00000",null,null] 
2016-07-15 9:34:00 - INFO  --> ["00000",null,null] 
2016-07-15 9:37:23 - INFO  --> ["00000",null,null] 
2016-07-15 9:37:23 - INFO  --> ["00000",null,null] 
2016-07-15 9:38:38 - INFO  --> ["00000",null,null] 
2016-07-15 9:38:39 - INFO  --> ["00000",null,null] 
2016-07-15 9:38:47 - INFO  --> ["00000",null,null] 
2016-07-15 9:49:04 - INFO  --> ["00000",null,null] 
2016-07-15 9:49:09 - INFO  --> ["00000",null,null] 
2016-07-15 9:49:10 - INFO  --> ["00000",null,null] 
2016-07-15 9:49:13 - INFO  --> ["00000",null,null] 
2016-07-15 9:49:14 - INFO  --> ["00000",null,null] 
2016-07-15 9:49:18 - INFO  --> ["00000",null,null] 
2016-07-15 9:49:19 - INFO  --> ["00000",null,null] 
2016-07-15 9:49:21 - INFO  --> ["00000",null,null] 
2016-07-15 9:49:21 - INFO  --> ["00000",null,null] 
2016-07-15 9:51:32 - INFO  --> ["00000",null,null] 
2016-07-15 9:51:34 - INFO  --> ["00000",null,null] 
2016-07-15 10:41:55 - INFO  --> ["00000",null,null] 
2016-07-15 10:41:56 - INFO  --> ["00000",null,null] 
2016-07-15 10:41:57 - INFO  --> ["00000",null,null] 
2016-07-15 10:42:01 - INFO  --> ["00000",null,null] 
2016-07-15 10:42:06 - INFO  --> ["00000",null,null] 
2016-07-15 10:42:07 - INFO  --> ["00000",null,null] 
2016-07-15 10:42:10 - INFO  --> ["00000",null,null] 
2016-07-15 10:42:12 - INFO  --> ["00000",null,null] 
2016-07-15 10:42:23 - INFO  --> ["00000",null,null] 
2016-07-15 10:42:24 - INFO  --> ["00000",null,null] 
2016-07-15 10:42:24 - INFO  --> ["00000",null,null] 
2016-07-15 10:42:28 - INFO  --> ["00000",null,null] 
2016-07-15 10:42:30 - INFO  --> ["00000",null,null] 
2016-07-15 10:42:31 - INFO  --> ["00000",null,null] 
2016-07-15 10:42:34 - INFO  --> ["00000",null,null] 
2016-07-15 10:42:35 - INFO  --> ["00000",null,null] 
2016-07-15 10:42:40 - INFO  --> ["00000",null,null] 
2016-07-15 10:42:57 - INFO  --> ["00000",null,null] 
2016-07-15 10:42:58 - INFO  --> ["00000",null,null] 
2016-07-15 10:43:17 - INFO  --> ["00000",null,null] 
2016-07-15 10:43:19 - INFO  --> ["00000",null,null] 
2016-07-15 10:43:21 - INFO  --> ["00000",null,null] 
2016-07-15 10:43:36 - INFO  --> ["00000",null,null] 
2016-07-15 10:43:42 - INFO  --> ["00000",null,null] 
2016-07-15 10:43:43 - INFO  --> ["00000",null,null] 
2016-07-15 10:43:43 - INFO  --> ["00000",null,null] 
2016-07-15 10:43:55 - INFO  --> ["00000",null,null] 
2016-07-15 10:43:56 - INFO  --> ["00000",null,null] 
2016-07-15 10:44:03 - INFO  --> ["00000",null,null] 
2016-07-15 10:44:04 - INFO  --> ["00000",null,null] 
2016-07-15 10:44:11 - INFO  --> ["00000",null,null] 
2016-07-15 10:44:12 - INFO  --> ["00000",null,null] 
2016-07-15 10:44:13 - INFO  --> ["00000",null,null] 
2016-07-15 10:44:16 - INFO  --> ["00000",null,null] 
2016-07-15 10:44:18 - INFO  --> ["00000",null,null] 
2016-07-15 10:44:30 - INFO  --> ["00000",null,null] 
2016-07-15 10:44:33 - INFO  --> ["00000",null,null] 
2016-07-15 10:44:50 - INFO  --> ["00000",null,null] 
2016-07-15 10:44:50 - INFO  --> ["00000",null,null] 
2016-07-15 10:45:27 - INFO  --> ["00000",null,null] 
2016-07-15 10:45:29 - INFO  --> ["00000",null,null] 
2016-07-15 10:45:43 - INFO  --> ["00000",null,null] 
2016-07-15 10:45:51 - INFO  --> ["00000",null,null] 
2016-07-15 10:45:55 - INFO  --> ["00000",null,null] 
2016-07-15 10:45:57 - INFO  --> ["00000",null,null] 
2016-07-15 10:51:25 - INFO  --> ["00000",null,null] 
2016-07-15 10:51:29 - INFO  --> ["00000",null,null] 
2016-07-15 10:51:34 - INFO  --> ["00000",null,null] 
2016-07-15 10:51:40 - INFO  --> ["00000",null,null] 
2016-07-15 10:51:42 - INFO  --> ["00000",null,null] 
2016-07-15 10:51:48 - INFO  --> ["00000",null,null] 
2016-07-15 10:51:49 - INFO  --> ["00000",null,null] 
2016-07-15 10:51:50 - INFO  --> ["00000",null,null] 
2016-07-15 10:51:54 - INFO  --> ["00000",null,null] 
2016-07-15 10:51:56 - INFO  --> ["00000",null,null] 
2016-07-15 10:51:57 - INFO  --> ["00000",null,null] 
2016-07-15 10:52:05 - INFO  --> ["00000",null,null] 
2016-07-15 10:52:07 - INFO  --> ["00000",null,null] 
2016-07-15 10:52:07 - INFO  --> ["00000",null,null] 
2016-07-15 10:56:01 - INFO  --> ["00000",null,null] 
2016-07-15 10:56:04 - INFO  --> ["00000",null,null] 
2016-07-15 10:56:15 - INFO  --> ["00000",null,null] 
2016-07-15 10:56:22 - INFO  --> ["00000",null,null] 
2016-07-15 10:56:24 - INFO  --> ["00000",null,null] 
2016-07-15 10:56:25 - INFO  --> ["00000",null,null] 
2016-07-15 10:56:33 - INFO  --> ["00000",null,null] 
2016-07-15 10:56:35 - INFO  --> ["00000",null,null] 
2016-07-15 10:57:01 - INFO  --> ["00000",null,null] 
2016-07-15 10:57:08 - INFO  --> ["00000",null,null] 
2016-07-15 10:57:14 - INFO  --> ["00000",null,null] 
2016-07-15 10:57:14 - INFO  --> ["00000",null,null] 
2016-07-15 10:57:19 - INFO  --> ["00000",null,null] 
2016-07-15 10:57:21 - INFO  --> ["00000",null,null] 
2016-07-15 10:57:21 - INFO  --> ["00000",null,null] 
2016-07-15 10:57:29 - INFO  --> ["00000",null,null] 
2016-07-15 10:57:31 - INFO  --> ["00000",null,null] 
2016-07-15 10:57:32 - INFO  --> ["00000",null,null] 
2016-07-15 10:57:36 - INFO  --> ["00000",null,null] 
2016-07-15 10:57:37 - INFO  --> ["00000",null,null] 
2016-07-15 10:57:38 - INFO  --> ["00000",null,null] 
2016-07-15 10:57:38 - INFO  --> ["00000",null,null] 
2016-07-15 10:57:39 - INFO  --> ["00000",null,null] 
2016-07-15 10:57:43 - INFO  --> ["00000",null,null] 
2016-07-15 10:57:44 - INFO  --> ["00000",null,null] 
2016-07-15 10:57:45 - INFO  --> ["00000",null,null] 
2016-07-15 10:57:51 - INFO  --> ["00000",null,null] 
2016-07-15 10:57:52 - INFO  --> ["00000",null,null] 
2016-07-15 10:58:51 - INFO  --> ["00000",null,null] 
2016-07-15 10:59:06 - INFO  --> ["00000",null,null] 
2016-07-15 10:59:07 - INFO  --> ["00000",null,null] 
2016-07-15 10:59:09 - INFO  --> ["00000",null,null] 
2016-07-15 10:59:13 - INFO  --> ["00000",null,null] 
2016-07-15 10:59:14 - INFO  --> ["00000",null,null] 
2016-07-15 10:59:17 - INFO  --> ["00000",null,null] 
2016-07-15 10:59:18 - INFO  --> ["00000",null,null] 
2016-07-15 10:59:30 - INFO  --> ["00000",null,null] 
2016-07-15 10:59:30 - INFO  --> ["00000",null,null] 
2016-07-15 13:55:57 - INFO  --> ["00000",null,null] 
2016-07-15 13:55:57 - INFO  --> ["00000",null,null] 
2016-07-15 13:55:57 - INFO  --> getSubjectDetails SQl=SELECT * FROM sub_master where sub_id in ("sub020","sub049") 
2016-07-15 13:55:57 - INFO  --> ["00000",null,null] 
2016-07-19 7:57:10 - INFO  --> ["00000",null,null] 
2016-07-19 7:57:10 - INFO  --> ["00000",null,null] 
2016-07-19 7:57:10 - INFO  --> m@mail.com logged in 
2016-07-19 7:57:10 - INFO  --> ["00000",null,null] 
2016-07-19 7:57:10 - INFO  --> ["00000",null,null] 
2016-07-19 7:57:10 - INFO  --> getSubjectDetails SQl=SELECT * FROM sub_master where sub_id in ("sub020","sub049") 
2016-07-19 7:57:10 - INFO  --> ["00000",null,null] 
2016-07-19 7:59:57 - INFO  --> ["00000",null,null] 
2016-07-19 7:59:57 - INFO  --> ["00000",null,null] 
2016-07-19 7:59:57 - INFO  --> m@mail.com logged in 
2016-07-19 7:59:57 - INFO  --> ["00000",null,null] 
2016-07-19 7:59:57 - INFO  --> ["00000",null,null] 
2016-07-19 7:59:57 - INFO  --> getSubjectDetails SQl=SELECT * FROM sub_master where sub_id in ("sub020","sub049") 
2016-07-19 7:59:57 - INFO  --> ["00000",null,null] 
2016-07-19 8:01:09 - INFO  --> ["00000",null,null] 
2016-07-19 8:01:09 - INFO  --> ["00000",null,null] 
2016-07-19 8:01:09 - INFO  --> m@mail.com logged in 
2016-07-19 8:01:09 - INFO  --> ["00000",null,null] 
2016-07-19 8:01:09 - INFO  --> ["00000",null,null] 
2016-07-19 8:01:09 - INFO  --> getSubjectDetails SQl=SELECT * FROM sub_master where sub_id in ("sub020","sub049") 
2016-07-19 8:01:09 - INFO  --> ["00000",null,null] 
2016-07-19 8:02:22 - INFO  --> ["00000",null,null] 
2016-07-19 8:02:22 - INFO  --> ["00000",null,null] 
2016-07-19 8:02:22 - INFO  --> m@mail.com logged in 
2016-07-19 8:02:22 - INFO  --> ["00000",null,null] 
2016-07-19 8:02:22 - INFO  --> ["00000",null,null] 
2016-07-19 8:02:22 - INFO  --> getSubjectDetails SQl=SELECT * FROM sub_master where sub_id in ("sub020","sub049") 
2016-07-19 8:02:22 - INFO  --> ["00000",null,null] 
2016-07-19 8:20:24 - INFO  --> ["00000",null,null] 
2016-07-19 8:20:24 - INFO  --> ["00000",null,null] 
2016-07-19 8:20:24 - INFO  --> m@mail.com logged in 
2016-07-19 8:20:24 - INFO  --> ["00000",null,null] 
2016-07-19 8:20:24 - INFO  --> ["00000",null,null] 
2016-07-19 8:20:24 - INFO  --> getSubjectDetails SQl=SELECT * FROM sub_master where sub_id in ("sub020","sub049") 
2016-07-19 8:20:24 - INFO  --> ["00000",null,null] 
2016-07-19 8:21:18 - INFO  --> ["00000",null,null] 
2016-07-19 8:21:18 - INFO  --> ["00000",null,null] 
2016-07-19 8:21:18 - INFO  --> m@mail.com logged in 
2016-07-19 8:21:18 - INFO  --> ["00000",null,null] 
2016-07-19 8:21:18 - INFO  --> ["00000",null,null] 
2016-07-19 8:21:18 - INFO  --> getSubjectDetails SQl=SELECT * FROM sub_master where sub_id in ("sub020","sub049") 
2016-07-19 8:21:18 - INFO  --> ["00000",null,null] 
2016-07-19 8:49:16 - INFO  --> ["00000",null,null] 
2016-07-19 8:49:16 - INFO  --> ["00000",null,null] 
2016-07-19 8:49:16 - INFO  --> m@mail.com logged in 
2016-07-19 8:49:16 - INFO  --> ["00000",null,null] 
2016-07-19 8:49:16 - INFO  --> ["00000",null,null] 
2016-07-19 8:49:16 - INFO  --> getSubjectDetails SQl=SELECT * FROM sub_master where sub_id in ("sub020","sub049") 
2016-07-19 8:49:16 - INFO  --> ["00000",null,null] 
2016-07-19 8:52:38 - INFO  --> ["00000",null,null] 
2016-07-19 8:52:38 - INFO  --> ["00000",null,null] 
2016-07-19 8:52:38 - INFO  --> m@mail.com logged in 
2016-07-19 8:52:38 - INFO  --> ["00000",null,null] 
2016-07-19 8:52:38 - INFO  --> ["00000",null,null] 
2016-07-19 8:52:38 - INFO  --> getSubjectDetails SQl=SELECT * FROM sub_master where sub_id in ("sub020","sub049") 
2016-07-19 8:52:38 - INFO  --> ["00000",null,null] 
2016-07-21 7:33:34 - INFO  --> ["00000",null,null] 
2016-07-21 7:33:34 - INFO  --> ["00000",null,null] 
2016-07-21 7:33:34 - INFO  --> getSubjectDetails SQl=SELECT * FROM sub_master where sub_id in ("sub020","sub049") 
2016-07-21 7:33:34 - INFO  --> ["00000",null,null] 
2016-07-21 7:35:31 - INFO  --> ["00000",null,null] 
2016-07-21 7:35:31 - INFO  --> ["00000",null,null] 
2016-07-21 7:35:31 - INFO  --> getSubjectDetails SQl=SELECT * FROM sub_master where sub_id in ("sub020","sub049") 
2016-07-21 7:35:31 - INFO  --> ["00000",null,null] 
2016-10-23 0:11:57 - INFO  --> ["00000",null,null] 
2016-10-23 0:11:57 - INFO  --> ["00000",null,null] 
2016-10-23 0:11:57 - INFO  --> ["00000",null,null] 
2016-10-23 0:11:57 - INFO  --> ["00000",null,null] 
2016-10-23 0:12:05 - INFO  --> ["00000",null,null] 
2016-10-23 0:12:05 - INFO  --> madhurima.handa@gmail.com registered 
2016-10-23 0:18:08 - INFO  --> ["00000",null,null] 
2016-10-23 0:18:08 - INFO  --> ["00000",null,null] 
2016-10-23 0:20:54 - INFO  --> ["00000",null,null] 
2016-10-23 0:20:54 - INFO  --> ["00000",null,null] 
2016-10-23 0:20:54 - INFO  --> ["00000",null,null] 
2016-10-23 0:20:54 - INFO  --> ["00000",null,null] 
2016-10-23 0:20:59 - INFO  --> ["00000",null,null] 
2016-10-23 0:20:59 - INFO  --> tutor.rohini@gmail.com registered 
2016-10-23 0:21:52 - INFO  --> ["00000",null,null] 
2016-10-23 0:21:52 - INFO  --> ["00000",null,null] 
2016-10-23 0:21:52 - INFO  --> ["00000",null,null] 
2016-10-23 0:21:52 - INFO  --> ["00000",null,null] 
2016-10-23 0:21:52 - INFO  --> ["00000",null,null] 
2016-10-23 0:22:27 - INFO  --> ["00000",null,null] 
2016-10-23 0:22:27 - INFO  --> ["00000",null,null] 
2016-10-23 0:22:27 - INFO  --> tutor.rohini@gmail.com logged in 
2016-10-23 0:22:48 - INFO  --> ["00000",null,null] 
2016-10-23 0:22:48 - INFO  --> ["00000",null,null] 
2016-10-23 0:22:49 - INFO  --> ["00000",null,null] 
2016-10-23 0:22:56 - INFO  --> ["00000",null,null] 
2016-10-23 0:23:43 - INFO  --> ["00000",null,null] 
2016-10-23 0:23:43 - INFO  --> ["00000",null,null] 
2016-10-23 0:23:43 - INFO  --> getSubjectDetails SQl=SELECT * FROM sub_master where sub_id in ("sub003") 
2016-10-23 0:23:43 - INFO  --> ["00000",null,null] 
2016-10-23 0:23:43 - INFO  --> ["00000",null,null] 
2016-10-23 0:23:43 - INFO  --> ["00000",null,null] 
2016-10-23 0:23:43 - INFO  --> ["00000",null,null] 
2016-10-23 0:23:43 - INFO  --> ["00000",null,null] 
2016-10-23 0:23:43 - INFO  --> ["00000",null,null] 
2016-10-23 0:23:43 - INFO  --> getSubjectDetails SQl=SELECT * FROM sub_master where sub_id in ("sub020","sub049") 
2016-10-23 0:23:43 - INFO  --> ["00000",null,null] 
2016-10-23 19:23:41 - INFO  --> ["00000",null,null] 
2016-10-23 19:23:41 - INFO  --> ["00000",null,null] 
2016-10-23 19:24:04 - INFO  --> ["00000",null,null] 
2016-10-23 19:24:04 - INFO  --> ["00000",null,null] 
2016-10-23 19:24:04 - INFO  --> tutor.rohini@gmail.com logged in 
2016-10-23 19:24:04 - INFO  --> ["00000",null,null] 
2016-10-23 19:24:04 - INFO  --> ["00000",null,null] 
2016-10-23 19:24:04 - INFO  --> getSubjectDetails SQl=SELECT * FROM sub_master where sub_id in ("sub020","sub049") 
2016-10-23 19:24:04 - INFO  --> ["00000",null,null] 
